<?xml version="1.0" encoding="UTF-8"?>
<!-- Generated by org.testng.reporters.JUnitXMLReporter -->
<testsuite ignored="1" hostname="LAPTOP-2EFBE5KP" failures="0" tests="1" name="Default test(failed)" time="0.602" errors="0" timestamp="2022-12-27T12:10:23 IST">
  <testcase classname="com.Amazon1Automation.QA.TestData.WorkingWithExcelExample2" name="readDataFromExcel" time="0.571"/>
  <testcase classname="com.Amazon1Automation.QA.BaseClass.BaseClass" name="initilize" time="0.0">
    <ignored/>
  </testcase> <!-- initilize -->
</testsuite> <!-- Default test(failed) -->
