<?xml version="1.0" encoding="UTF-8"?>
<!-- Generated by org.testng.reporters.JUnitXMLReporter -->
<testsuite ignored="2" hostname="LAPTOP-2EFBE5KP" failures="1" tests="3" name="Test" time="105.974" errors="0" timestamp="2023-01-11T11:56:36 IST">
  <testcase classname="com.Amazon1Automation.QA.BaseClass.BaseClass" name="initilize" time="43.499"/>
  <testcase classname="com.Amazon1Automation.QA.TestCases.ValidateAddNewAddressTC" name="launchLogin" time="4.005"/>
  <testcase classname="com.Amazon1Automation.QA.TestCases.ValidateAddNewAddressTC" name="executeAddNewAddress" time="58.369">
    <failure type="java.lang.AssertionError" message="Assert is done and messages are written to testNG report
	Test Case Fail expected [jgfhghghgchg] but found [You have submitted an address that is already in your address book],
	Test Case Fail expected [jgfhghghgchg] but found [You have submitted an address that is already in your address book],
	Test Case Fail expected [jgfhghghgchg] but found [You have submitted an address that is already in your address book],
	Test Case Fail expected [jgfhghghgchg] but found [You have submitted an address that is already in your address book],
	Test Case Fail expected [jgfhghghgchg] but found [You have submitted an address that is already in your address book]">
      <![CDATA[java.lang.AssertionError: Assert is done and messages are written to testNG report
Test Case Fail expected [jgfhghghgchg] but found [You have submitted an address that is already in your address book],
Test Case Fail expected [jgfhghghgchg] but found [You have submitted an address that is already in your address book],
Test Case Fail expected [jgfhghghgchg] but found [You have submitted an address that is already in your address book],
Test Case Fail expected [jgfhghghgchg] but found [You have submitted an address that is already in your address book],
Test Case Fail expected [jgfhghghgchg] but found [You have submitted an address that is already in your address book]
at com.Amazon1Automation.QA.PageObjects.CustomerServicePageObjects.addNewAddress(CustomerServicePageObjects.java:137)
at com.Amazon1Automation.QA.TestCases.ValidateAddNewAddressTC.executeAddNewAddress(ValidateAddNewAddressTC.java:36)
at java.base/java.util.ArrayList.forEach(ArrayList.java:1511)
... Removed 28 stack frames]]>
    </failure>
  </testcase> <!-- executeAddNewAddress -->
  <testcase classname="com.Amazon1Automation.QA.BaseClass.BaseClass" name="initilize" time="0.0">
    <ignored/>
  </testcase> <!-- initilize -->
  <testcase classname="com.Amazon1Automation.QA.TestCases.ValidateAddNewAddressTC" name="CreateObjects" time="0.0">
    <ignored/>
  </testcase> <!-- CreateObjects -->
</testsuite> <!-- Test -->
