<?xml version="1.0" encoding="UTF-8"?>
<!-- Generated by org.testng.reporters.JUnitXMLReporter -->
<testsuite ignored="0" hostname="LAPTOP-2EFBE5KP" failures="0" tests="3" name="Default test" time="12.006" errors="0" timestamp="2023-04-06T11:55:36 IST">
  <testcase classname="com.Amazon1Automation.QA.BaseClass.BaseClass" name="initilize" time="3.3"/>
  <testcase classname="package1.ValidateAmazonHomePage" name="validateTitle" time="1.641"/>
  <testcase classname="package1.ValidateAmazonHomePage" name="validateMobilesLink" time="6.604"/>
</testsuite> <!-- Default test -->
