<?xml version="1.0" encoding="UTF-8"?>
<!-- Generated by org.testng.reporters.JUnitXMLReporter -->
<testsuite ignored="0" hostname="LAPTOP-2EFBE5KP" failures="0" tests="9" name="testTag2" time="0.023" errors="0" timestamp="2023-04-01T11:29:14 IST">
  <testcase classname="package1.Package1Class1" name="Method1Package1Class1" time="0.0"/>
  <testcase classname="package1.Package1Class1" name="Method2Package1Class1" time="0.002"/>
  <testcase classname="package1.Package1Class1" name="Method3Package1Class1" time="0.001"/>
  <testcase classname="package1.Package1Class2" name="Method1Package1Class2" time="0.0"/>
  <testcase classname="package1.Package1Class2" name="Method2Package1Class2" time="0.0"/>
  <testcase classname="package1.Package1Class2" name="Method3Package1Class2" time="0.001"/>
  <testcase classname="package2.Package2Class1" name="Method1Package2Class1" time="0.002"/>
  <testcase classname="package2.Package2Class1" name="Method2Package2Class1" time="0.001"/>
  <testcase classname="package2.Package2Class1" name="Method3Package2Class1" time="0.0"/>
</testsuite> <!-- testTag2 -->
