<?xml version="1.0" encoding="UTF-8"?>
<testng-results ignored="0" total="3" passed="3" failed="0" skipped="0">
  <reporter-output>
  </reporter-output>
  <suite started-at="2023-04-06T11:55:24 IST" name="Default suite" finished-at="2023-04-06T11:55:36 IST" duration-ms="12006">
    <groups>
    </groups>
    <test started-at="2023-04-06T11:55:24 IST" name="Default test" finished-at="2023-04-06T11:55:36 IST" duration-ms="12006">
      <class name="package1.ValidateAmazonHomePage">
        <test-method signature="initilize()[pri:0, instance:package1.ValidateAmazonHomePage@7bab3f1a]" started-at="2023-04-06T11:55:24 IST" name="initilize" finished-at="2023-04-06T11:55:28 IST" duration-ms="3300" status="PASS">
          <reporter-output>
          </reporter-output>
        </test-method> <!-- initilize -->
        <test-method signature="validateTitle()[pri:1, instance:package1.ValidateAmazonHomePage@7bab3f1a]" started-at="2023-04-06T11:55:28 IST" name="validateTitle" finished-at="2023-04-06T11:55:29 IST" duration-ms="1641" status="PASS">
          <reporter-output>
          </reporter-output>
        </test-method> <!-- validateTitle -->
        <test-method signature="validateMobilesLink()[pri:2, instance:package1.ValidateAmazonHomePage@7bab3f1a]" started-at="2023-04-06T11:55:30 IST" name="validateMobilesLink" finished-at="2023-04-06T11:55:36 IST" duration-ms="6604" status="PASS">
          <reporter-output>
          </reporter-output>
        </test-method> <!-- validateMobilesLink -->
      </class> <!-- package1.ValidateAmazonHomePage -->
    </test> <!-- Default test -->
  </suite> <!-- Default suite -->
</testng-results>
